0 info it worked if it ends with ok
1 verbose cli [ 'node', '/usr/local/bin/npm', 'install', 'leaflet-pip' ]
2 info using npm@2.7.4
3 info using node@v0.10.24
4 verbose config Skipping project config: /Users/steveleathers/.npmrc. (matches userconfig)
5 warn package.json sleep@1.1.1 'repositories' (plural) Not supported. Please pick one as the 'repository' field
6 warn package.json wellknown@0.1.2 No repository field.
7 silly cache add args [ 'leaflet-pip', null ]
8 verbose cache add spec leaflet-pip
9 silly cache add parsed spec { raw: 'leaflet-pip',
9 silly cache add   scope: null,
9 silly cache add   name: 'leaflet-pip',
9 silly cache add   rawSpec: '',
9 silly cache add   spec: '*',
9 silly cache add   type: 'range' }
10 verbose addNamed leaflet-pip@*
11 silly addNamed semver.valid null
12 silly addNamed semver.validRange *
13 silly addNameRange { name: 'leaflet-pip', range: '*', hasData: false }
14 silly mapToRegistry name leaflet-pip
15 silly mapToRegistry using default registry
16 silly mapToRegistry registry https://registry.npmjs.org/
17 silly mapToRegistry uri https://registry.npmjs.org/leaflet-pip
18 verbose addNameRange registry:https://registry.npmjs.org/leaflet-pip not in flight; fetching
19 verbose request uri https://registry.npmjs.org/leaflet-pip
20 verbose request no auth needed
21 info attempt registry request try #1 at 22:28:51
22 verbose request id b1be36213b524dd7
23 http request GET https://registry.npmjs.org/leaflet-pip
24 http 200 https://registry.npmjs.org/leaflet-pip
25 silly get cb [ 200,
25 silly get   { server: 'CouchDB/1.5.0 (Erlang OTP/R16B03)',
25 silly get     etag: '"2L6ILYPC8P1NKD1U373WRTYX3"',
25 silly get     'content-type': 'application/json',
25 silly get     'cache-control': 'max-age=60',
25 silly get     'content-length': '9030',
25 silly get     'accept-ranges': 'bytes',
25 silly get     date: 'Sun, 07 Jun 2015 05:28:51 GMT',
25 silly get     via: '1.1 varnish',
25 silly get     age: '0',
25 silly get     connection: 'keep-alive',
25 silly get     'x-served-by': 'cache-sjc3129-SJC',
25 silly get     'x-cache': 'MISS',
25 silly get     'x-cache-hits': '0',
25 silly get     'x-timer': 'S1433654931.373868,VS0,VE344',
25 silly get     vary: 'Accept' } ]
26 verbose get saving leaflet-pip to /Users/steveleathers/.npm/registry.npmjs.org/leaflet-pip/.cache.json
27 silly addNameRange number 2 { name: 'leaflet-pip', range: '*', hasData: true }
28 silly addNameRange versions [ 'leaflet-pip', [ '0.0.1', '0.0.2', '0.1.0', '0.1.1' ] ]
29 verbose addNamed leaflet-pip@0.1.1
30 silly addNamed semver.valid 0.1.1
31 silly addNamed semver.validRange 0.1.1
32 silly mapToRegistry name leaflet-pip
33 silly mapToRegistry using default registry
34 silly mapToRegistry registry https://registry.npmjs.org/
35 silly mapToRegistry uri https://registry.npmjs.org/leaflet-pip
36 verbose addRemoteTarball https://registry.npmjs.org/leaflet-pip/-/leaflet-pip-0.1.1.tgz not in flight; adding
37 verbose addRemoteTarball [ 'https://registry.npmjs.org/leaflet-pip/-/leaflet-pip-0.1.1.tgz',
37 verbose addRemoteTarball   '515ab9d41b0408fa26e3ef33d44ef98e3dfa640c' ]
38 info retry fetch attempt 1 at 22:28:51
39 info attempt registry request try #1 at 22:28:51
40 http fetch GET https://registry.npmjs.org/leaflet-pip/-/leaflet-pip-0.1.1.tgz
41 http fetch 200 https://registry.npmjs.org/leaflet-pip/-/leaflet-pip-0.1.1.tgz
42 silly fetchAndShaCheck shasum 515ab9d41b0408fa26e3ef33d44ef98e3dfa640c
43 verbose addTmpTarball /var/folders/j9/t42t_jx14tz4qf0vh5v0wmvr0000gn/T/npm-19107-74de57f1/registry.npmjs.org/leaflet-pip/-/leaflet-pip-0.1.1.tgz not in flight; adding
44 verbose addTmpTarball already have metadata; skipping unpack for leaflet-pip@0.1.1
45 silly cache afterAdd leaflet-pip@0.1.1
46 verbose afterAdd /Users/steveleathers/.npm/leaflet-pip/0.1.1/package/package.json not in flight; writing
47 verbose afterAdd /Users/steveleathers/.npm/leaflet-pip/0.1.1/package/package.json written
48 silly install resolved [ { name: 'leaflet-pip',
48 silly install resolved     version: '0.1.1',
48 silly install resolved     description: 'point in polygon searches for leaflet',
48 silly install resolved     main: 'index.js',
48 silly install resolved     scripts:
48 silly install resolved      { test: 'browserify test/*.js | tape-run',
48 silly install resolved        build: 'browserify -s leafletPip index.js > leaflet-pip.js && uglifyjs leaflet-pip.js -c -m > leaflet-pip.min.js' },
48 silly install resolved     keywords:
48 silly install resolved      [ 'leaflet',
48 silly install resolved        'plugin',
48 silly install resolved        'point',
48 silly install resolved        'in',
48 silly install resolved        'polygon',
48 silly install resolved        'geo',
48 silly install resolved        'geographical' ],
48 silly install resolved     repository: { type: 'git', url: 'git://github.com/mapbox/leaflet-pip.git' },
48 silly install resolved     devDependencies:
48 silly install resolved      { tape: '~2.13.3',
48 silly install resolved        'tape-run': '~0.1.1',
48 silly install resolved        leaflet: '~0.7.3',
48 silly install resolved        phantomjs: '~1.9.7-9',
48 silly install resolved        browserify: '~4.1.11' },
48 silly install resolved     author: { name: 'Tom MacWright', email: 'tom@macwright.org' },
48 silly install resolved     license: 'ISC',
48 silly install resolved     dependencies: { 'geojson-utils': '~1.1.0' },
48 silly install resolved     bugs: { url: 'https://github.com/mapbox/leaflet-pip/issues' },
48 silly install resolved     homepage: 'https://github.com/mapbox/leaflet-pip',
48 silly install resolved     _id: 'leaflet-pip@0.1.1',
48 silly install resolved     dist:
48 silly install resolved      { shasum: '515ab9d41b0408fa26e3ef33d44ef98e3dfa640c',
48 silly install resolved        tarball: 'http://registry.npmjs.org/leaflet-pip/-/leaflet-pip-0.1.1.tgz' },
48 silly install resolved     _from: 'leaflet-pip@*',
48 silly install resolved     _npmVersion: '1.3.24',
48 silly install resolved     _npmUser: { name: 'tmcw', email: 'tom@macwright.org' },
48 silly install resolved     maintainers:
48 silly install resolved      [ [Object],
48 silly install resolved        [Object],
48 silly install resolved        [Object],
48 silly install resolved        [Object],
48 silly install resolved        [Object],
48 silly install resolved        [Object],
48 silly install resolved        [Object],
48 silly install resolved        [Object],
48 silly install resolved        [Object],
48 silly install resolved        [Object],
48 silly install resolved        [Object],
48 silly install resolved        [Object],
48 silly install resolved        [Object],
48 silly install resolved        [Object],
48 silly install resolved        [Object],
48 silly install resolved        [Object],
48 silly install resolved        [Object],
48 silly install resolved        [Object],
48 silly install resolved        [Object],
48 silly install resolved        [Object],
48 silly install resolved        [Object] ],
48 silly install resolved     directories: {},
48 silly install resolved     _shasum: '515ab9d41b0408fa26e3ef33d44ef98e3dfa640c',
48 silly install resolved     _resolved: 'https://registry.npmjs.org/leaflet-pip/-/leaflet-pip-0.1.1.tgz' } ]
49 info install leaflet-pip@0.1.1 into /Users/steveleathers
50 info installOne leaflet-pip@0.1.1
51 verbose installOne of leaflet-pip to /Users/steveleathers not in flight; installing
52 warn locking Error: EACCES, open '/Users/steveleathers/.npm/_locks/leaflet-pip-33cf8e7f38dec434.lock'
52 warn locking  /Users/steveleathers/.npm/_locks/leaflet-pip-33cf8e7f38dec434.lock failed { [Error: EACCES, open '/Users/steveleathers/.npm/_locks/leaflet-pip-33cf8e7f38dec434.lock']
52 warn locking   errno: 3,
52 warn locking   code: 'EACCES',
52 warn locking   path: '/Users/steveleathers/.npm/_locks/leaflet-pip-33cf8e7f38dec434.lock' }
53 verbose stack Error: Attempt to unlock /Users/steveleathers/node_modules/leaflet-pip, which hasn't been locked
53 verbose stack     at unlock (/usr/local/lib/node_modules/npm/lib/utils/locker.js:66:11)
53 verbose stack     at cb (/usr/local/lib/node_modules/npm/lib/install.js:1004:5)
53 verbose stack     at /usr/local/lib/node_modules/npm/lib/install.js:1008:20
53 verbose stack     at /usr/local/lib/node_modules/npm/lib/utils/locker.js:40:9
53 verbose stack     at cb (/usr/local/lib/node_modules/npm/node_modules/lockfile/lockfile.js:149:38)
53 verbose stack     at /usr/local/lib/node_modules/npm/node_modules/lockfile/lockfile.js:177:38
53 verbose stack     at Object.oncomplete (fs.js:107:15)
54 verbose cwd /Users/steveleathers/JSapps/pdxneighborhoods
55 error Darwin 13.4.0
56 error argv "node" "/usr/local/bin/npm" "install" "leaflet-pip"
57 error node v0.10.24
58 error npm  v2.7.4
59 error Attempt to unlock /Users/steveleathers/node_modules/leaflet-pip, which hasn't been locked
60 error If you need help, you may report this error at:
60 error     <https://github.com/npm/npm/issues>
61 verbose exit [ 1, true ]
